<?xml version="1.0" encoding="UTF-8"?>
<testsuite name="com.cdg.krispay.KrispayApplicationTests" tests="1" skipped="0" failures="0" errors="0" timestamp="2022-03-09T04:12:50" hostname="CTPL-IT-NC2176" time="0.007">
  <properties/>
  <testcase name="contextLoads()" classname="com.cdg.krispay.KrispayApplicationTests" time="0.007"/>
  <system-out><![CDATA[2022-03-09 12:12:48.305  INFO 7860 --- [    Test worker] .b.t.c.SpringBootTestContextBootstrapper : Neither @ContextConfiguration nor @ContextHierarchy found for test class [com.cdg.krispay.KrispayApplicationTests], using SpringBootContextLoader
2022-03-09 12:12:48.307  INFO 7860 --- [    Test worker] o.s.t.c.support.AbstractContextLoader    : Could not detect default resource locations for test class [com.cdg.krispay.KrispayApplicationTests]: no resource found for suffixes {-context.xml, Context.groovy}.
2022-03-09 12:12:48.307  INFO 7860 --- [    Test worker] t.c.s.AnnotationConfigContextLoaderUtils : Could not detect default configuration classes for test class [com.cdg.krispay.KrispayApplicationTests]: KrispayApplicationTests does not declare any static, non-private, non-final, nested classes annotated with @Configuration.
2022-03-09 12:12:48.316  INFO 7860 --- [    Test worker] .b.t.c.SpringBootTestContextBootstrapper : Found @SpringBootConfiguration com.cdg.krispay.KrispayApplication for test class com.cdg.krispay.KrispayApplicationTests
2022-03-09 12:12:48.319  INFO 7860 --- [    Test worker] .b.t.c.SpringBootTestContextBootstrapper : Loaded default TestExecutionListener class names from location [META-INF/spring.factories]: [org.springframework.boot.test.autoconfigure.restdocs.RestDocsTestExecutionListener, org.springframework.boot.test.autoconfigure.web.client.MockRestServiceServerResetTestExecutionListener, org.springframework.boot.test.autoconfigure.web.servlet.MockMvcPrintOnlyOnFailureTestExecutionListener, org.springframework.boot.test.autoconfigure.web.servlet.WebDriverTestExecutionListener, org.springframework.boot.test.autoconfigure.webservices.client.MockWebServiceServerTestExecutionListener, org.springframework.boot.test.mock.mockito.MockitoTestExecutionListener, org.springframework.boot.test.mock.mockito.ResetMocksTestExecutionListener, org.springframework.test.context.web.ServletTestExecutionListener, org.springframework.test.context.support.DirtiesContextBeforeModesTestExecutionListener, org.springframework.test.context.event.ApplicationEventsTestExecutionListener, org.springframework.test.context.support.DependencyInjectionTestExecutionListener, org.springframework.test.context.support.DirtiesContextTestExecutionListener, org.springframework.test.context.transaction.TransactionalTestExecutionListener, org.springframework.test.context.jdbc.SqlScriptsTestExecutionListener, org.springframework.test.context.event.EventPublishingTestExecutionListener]
2022-03-09 12:12:48.320  INFO 7860 --- [    Test worker] .b.t.c.SpringBootTestContextBootstrapper : Using TestExecutionListeners: [org.springframework.test.context.web.ServletTestExecutionListener@7d99b605, org.springframework.test.context.support.DirtiesContextBeforeModesTestExecutionListener@24d5327f, org.springframework.test.context.event.ApplicationEventsTestExecutionListener@75c2e7c4, org.springframework.boot.test.mock.mockito.MockitoTestExecutionListener@19f9ed45, org.springframework.boot.test.autoconfigure.SpringBootDependencyInjectionTestExecutionListener@29e059e1, org.springframework.test.context.support.DirtiesContextTestExecutionListener@24abd068, org.springframework.test.context.transaction.TransactionalTestExecutionListener@4635effe, org.springframework.test.context.jdbc.SqlScriptsTestExecutionListener@1070b1b8, org.springframework.test.context.event.EventPublishingTestExecutionListener@3b74dd06, org.springframework.boot.test.autoconfigure.restdocs.RestDocsTestExecutionListener@41267290, org.springframework.boot.test.autoconfigure.web.client.MockRestServiceServerResetTestExecutionListener@28853f55, org.springframework.boot.test.autoconfigure.web.servlet.MockMvcPrintOnlyOnFailureTestExecutionListener@3d6db68c, org.springframework.boot.test.autoconfigure.web.servlet.WebDriverTestExecutionListener@20ecc0ca, org.springframework.boot.test.autoconfigure.webservices.client.MockWebServiceServerTestExecutionListener@52ac84b5, org.springframework.boot.test.mock.mockito.ResetMocksTestExecutionListener@53d27622]

  .   ____          _            __ _ _
 /\\ / ___'_ __ _ _(_)_ __  __ _ \ \ \ \
( ( )\___ | '_ | '_| | '_ \/ _` | \ \ \ \
 \\/  ___)| |_)| | | | | || (_| |  ) ) ) )
  '  |____| .__|_| |_|_| |_\__, | / / / /
 =========|_|==============|___/=/_/_/_/
 :: Spring Boot ::                (v2.6.2)

2022-03-09 12:12:48.372  INFO 7860 --- [    Test worker] com.cdg.krispay.KrispayApplicationTests  : Starting KrispayApplicationTests using Java 15.0.2 on CTPL-IT-NC2176 with PID 7860 (started by ctrandd in D:\Work\Kris+ Specs\Kris\server)
2022-03-09 12:12:48.373 DEBUG 7860 --- [    Test worker] com.cdg.krispay.KrispayApplicationTests  : Running with Spring Boot v2.6.2, Spring v5.3.14
2022-03-09 12:12:48.373  INFO 7860 --- [    Test worker] com.cdg.krispay.KrispayApplicationTests  : No active profile set, falling back to default profiles: default
2022-03-09 12:12:48.875  INFO 7860 --- [    Test worker] .s.d.r.c.RepositoryConfigurationDelegate : Bootstrapping Spring Data JPA repositories in DEFAULT mode.
2022-03-09 12:12:48.905  INFO 7860 --- [    Test worker] .s.d.r.c.RepositoryConfigurationDelegate : Finished Spring Data repository scanning in 29 ms. Found 2 JPA repository interfaces.
2022-03-09 12:12:49.137  INFO 7860 --- [    Test worker] com.zaxxer.hikari.HikariDataSource       : HikariPool-2 - Starting...
2022-03-09 12:12:49.139  INFO 7860 --- [    Test worker] com.zaxxer.hikari.HikariDataSource       : HikariPool-2 - Start completed.
2022-03-09 12:12:49.160  INFO 7860 --- [    Test worker] o.hibernate.jpa.internal.util.LogHelper  : HHH000204: Processing PersistenceUnitInfo [name: default]
2022-03-09 12:12:49.168  INFO 7860 --- [    Test worker] org.hibernate.dialect.Dialect            : HHH000400: Using dialect: org.hibernate.dialect.H2Dialect
2022-03-09 12:12:49.214  INFO 7860 --- [    Test worker] org.hibernate.tuple.PojoInstantiator     : HHH000182: No default (no-argument) constructor for class: com.cdg.krispay.domain.KrisPayProcessorTransactionLog (class must be instantiated by Interceptor)
2022-03-09 12:12:49.266  INFO 7860 --- [    Test worker] o.h.e.t.j.p.i.JtaPlatformInitiator       : HHH000490: Using JtaPlatform implementation: [org.hibernate.engine.transaction.jta.platform.internal.NoJtaPlatform]
2022-03-09 12:12:49.267  INFO 7860 --- [    Test worker] j.LocalContainerEntityManagerFactoryBean : Initialized JPA EntityManagerFactory for persistence unit 'default'
2022-03-09 12:12:49.924  WARN 7860 --- [    Test worker] JpaBaseConfiguration$JpaWebConfiguration : spring.jpa.open-in-view is enabled by default. Therefore, database queries may be performed during view rendering. Explicitly configure spring.jpa.open-in-view to disable this warning
2022-03-09 12:12:50.133  INFO 7860 --- [    Test worker] o.s.b.a.h2.H2ConsoleAutoConfiguration    : H2 console available at '/h2-console'. Database available at 'jdbc:h2:mem:testdb'
2022-03-09 12:12:50.703  INFO 7860 --- [    Test worker] o.s.b.a.e.web.EndpointLinksResolver      : Exposing 1 endpoint(s) beneath base path '/actuator'
2022-03-09 12:12:50.770  INFO 7860 --- [    Test worker] com.cdg.krispay.KrispayApplicationTests  : Started KrispayApplicationTests in 2.447 seconds (JVM running for 10.473)
]]></system-out>
  <system-err><![CDATA[]]></system-err>
</testsuite>
